<?xml version="1.0" encoding="UTF-8"?>
<testng-results ignored="0" total="1" passed="1" failed="0" skipped="0">
  <reporter-output>
  </reporter-output>
  <suite started-at="2022-11-01T19:41:50 EDT" name="Default suite" finished-at="2022-11-01T19:41:55 EDT" duration-ms="4323">
    <groups>
    </groups>
    <test started-at="2022-11-01T19:41:50 EDT" name="Default test" finished-at="2022-11-01T19:41:55 EDT" duration-ms="4323">
      <class name="PostRequest">
        <test-method signature="postCall()[pri:0, instance:PostRequest@7133da86]" started-at="2022-11-01T19:41:50 EDT" name="postCall" finished-at="2022-11-01T19:41:55 EDT" duration-ms="4242" status="PASS">
          <reporter-output>
          </reporter-output>
        </test-method> <!-- postCall -->
      </class> <!-- PostRequest -->
    </test> <!-- Default test -->
  </suite> <!-- Default suite -->
</testng-results>
